<?xml version="1.0" encoding="UTF-8"?>
<!-- Generated by org.testng.reporters.JUnitReportReporter -->
<testsuite skipped="0" hostname="EVT03080NB" name="selenium.SpringSeleniumTest" tests="1" failures="0" timestamp="11 Kas 2021 13:30:10 GMT" time="0.728" errors="0">
  <testcase name="startUp" time="0.728" classname="selenium.SpringSeleniumTest"/>
</testsuite> <!-- selenium.SpringSeleniumTest -->
